[2025-12-25T00:29:55.635Z] INFO: Server is running on port 3002
[2025-12-25T00:29:55.640Z] INFO: Open http://localhost:3002 to view the app
[2025-12-25T00:29:57.606Z] INFO: Bot is Ready: Bettrion Support#5968
[2025-12-25T00:31:18.493Z] INFO: 🔌 Socket Connected: JqOk9M92LWq_lvV_AAAB
[2025-12-25T00:31:18.824Z] INFO: [Admin Access] DB Role Override for dbe1d653-b5a7-473e-8862-3819088a1f8c
[2025-12-25T00:31:18.937Z] INFO: 🔌 JqOk9M92LWq_lvV_AAAB joined Admin Channels
[2025-12-25T00:31:27.184Z] INFO: [Admin Access] DB Role Override for dbe1d653-b5a7-473e-8862-3819088a1f8c
[2025-12-25T00:31:29.028Z] INFO: [Admin Access] DB Role Override for dbe1d653-b5a7-473e-8862-3819088a1f8c
[2025-12-25T00:31:32.105Z] INFO: [Admin Access] DB Role Override for dbe1d653-b5a7-473e-8862-3819088a1f8c
[2025-12-25T00:31:33.839Z] INFO: [Admin Access] DB Role Override for dbe1d653-b5a7-473e-8862-3819088a1f8c
[2025-12-25T00:31:33.934Z] INFO: [Admin Access] DB Role Override for dbe1d653-b5a7-473e-8862-3819088a1f8c
[2025-12-25T00:33:40.174Z] INFO: Server is running on port 3002
[2025-12-25T00:33:40.179Z] INFO: Open http://localhost:3002 to view the app
[2025-12-25T00:33:40.349Z] INFO: 🔌 Socket Connected: EXiLhCc5puqdF3T4AAAB
[2025-12-25T00:33:40.369Z] INFO: 🔌 EXiLhCc5puqdF3T4AAAB joined Admin Channels
[2025-12-25T00:33:42.111Z] INFO: Bot is Ready: Bettrion Support#5968
[2025-12-25T00:35:27.658Z] INFO: Server is running on port 3002
[2025-12-25T00:35:27.661Z] INFO: Open http://localhost:3002 to view the app
[2025-12-25T00:35:27.828Z] INFO: 🔌 Socket Connected: YfTsDA0xszzDIPv-AAAB
[2025-12-25T00:35:27.854Z] INFO: 🔌 YfTsDA0xszzDIPv-AAAB joined Admin Channels
[2025-12-25T00:35:29.475Z] INFO: Bot is Ready: Bettrion Support#5968
[2025-12-25T00:39:33.934Z] INFO: Server is running on port 3002
[2025-12-25T00:39:33.940Z] INFO: Open http://localhost:3002 to view the app
[2025-12-25T00:39:34.157Z] INFO: 🔌 Socket Connected: weFkc1ymxqxPtYudAAAB
[2025-12-25T00:39:34.184Z] INFO: 🔌 weFkc1ymxqxPtYudAAAB joined Admin Channels
[2025-12-25T00:39:35.592Z] INFO: Bot is Ready: Bettrion Support#5968
[2025-12-25T00:42:38.945Z] INFO: Server is running on port 3002
[2025-12-25T00:42:38.950Z] INFO: Open http://localhost:3002 to view the app
[2025-12-25T00:42:39.323Z] INFO: 🔌 Socket Connected: OmdEaYPrixrFivKZAAAB
[2025-12-25T00:42:39.348Z] INFO: 🔌 OmdEaYPrixrFivKZAAAB joined Admin Channels
[2025-12-25T00:42:40.817Z] INFO: Bot is Ready: Bettrion Support#5968
[2025-12-25T00:47:32.897Z] INFO: Server is running on port 3002
[2025-12-25T00:47:32.903Z] INFO: Open http://localhost:3002 to view the app
[2025-12-25T00:47:33.114Z] INFO: 🔌 Socket Connected: fz5Ipog8UHkwqqaPAAAB
[2025-12-25T00:47:33.144Z] INFO: 🔌 fz5Ipog8UHkwqqaPAAAB joined Admin Channels
[2025-12-25T00:47:34.799Z] INFO: Bot is Ready: Bettrion Support#5968
[2025-12-25T00:52:53.329Z] INFO: 🔌 Socket Connected: wo9cv6a-d4dE1wPyAAAD
[2025-12-25T00:52:54.268Z] INFO: [Admin Access] DB Role Override for dbe1d653-b5a7-473e-8862-3819088a1f8c
[2025-12-25T00:52:54.388Z] INFO: 🔌 wo9cv6a-d4dE1wPyAAAD joined Admin Channels
[2025-12-25T00:53:55.330Z] INFO: [Admin Access] DB Role Override for dbe1d653-b5a7-473e-8862-3819088a1f8c
[2025-12-25T00:53:56.909Z] INFO: [Admin Access] DB Role Override for dbe1d653-b5a7-473e-8862-3819088a1f8c
[2025-12-25T00:53:58.103Z] INFO: [Admin Access] DB Role Override for dbe1d653-b5a7-473e-8862-3819088a1f8c
[2025-12-25T00:54:16.787Z] INFO: [Admin Access] DB Role Override for dbe1d653-b5a7-473e-8862-3819088a1f8c
[2025-12-25T00:54:18.720Z] INFO: [Admin Access] DB Role Override for dbe1d653-b5a7-473e-8862-3819088a1f8c
[2025-12-25T01:06:34.307Z] INFO: 🔌 Socket Connected: hWzcdUeoDFUg7XFyAAAF
